0 info it worked if it ends with ok
1 verbose cli [ '/home/tschneck/apps/node/bin/node',
1 verbose cli   '/home/tschneck/apps/node/bin/npm',
1 verbose cli   'install',
1 verbose cli   'live-server-g' ]
2 info using npm@1.4.28
3 info using node@v0.10.40
4 verbose node symlink /home/tschneck/apps/node/bin/node
5 verbose readDependencies using package.json deps
6 verbose cache add [ 'live-server-g', null ]
7 verbose cache add name=undefined spec="live-server-g" args=["live-server-g",null]
8 verbose parsed url { protocol: null,
8 verbose parsed url   slashes: null,
8 verbose parsed url   auth: null,
8 verbose parsed url   host: null,
8 verbose parsed url   port: null,
8 verbose parsed url   hostname: null,
8 verbose parsed url   hash: null,
8 verbose parsed url   search: null,
8 verbose parsed url   query: null,
8 verbose parsed url   pathname: 'live-server-g',
8 verbose parsed url   path: 'live-server-g',
8 verbose parsed url   href: 'live-server-g' }
9 silly lockFile de0b5299-live-server-g live-server-g
10 verbose lock live-server-g /home/tschneck/.npm/de0b5299-live-server-g.lock
11 silly lockFile de0b5299-live-server-g live-server-g
12 silly lockFile de0b5299-live-server-g live-server-g
13 verbose addNamed [ 'live-server-g', '' ]
14 verbose addNamed [ null, '*' ]
15 silly lockFile 10798f47-live-server-g live-server-g@
16 verbose lock live-server-g@ /home/tschneck/.npm/10798f47-live-server-g.lock
17 silly addNameRange { name: 'live-server-g', range: '*', hasData: false }
18 verbose request where is /live-server-g
19 verbose request registry https://registry.npmjs.org/
20 verbose request id 5481bdfbe0015706
21 verbose url raw /live-server-g
22 verbose url resolving [ 'https://registry.npmjs.org/', './live-server-g' ]
23 verbose url resolved https://registry.npmjs.org/live-server-g
24 verbose request where is https://registry.npmjs.org/live-server-g
25 info trying registry request attempt 1 at 19:15:38
26 http GET https://registry.npmjs.org/live-server-g
27 http 404 https://registry.npmjs.org/live-server-g
28 silly registry.get cb [ 404,
28 silly registry.get   { 'content-type': 'application/json',
28 silly registry.get     'cache-control': 'max-age=0',
28 silly registry.get     'content-length': '2',
28 silly registry.get     'accept-ranges': 'bytes',
28 silly registry.get     date: 'Fri, 18 Mar 2016 18:15:37 GMT',
28 silly registry.get     via: '1.1 varnish',
28 silly registry.get     age: '0',
28 silly registry.get     connection: 'keep-alive',
28 silly registry.get     'x-served-by': 'cache-ams4135-AMS',
28 silly registry.get     'x-cache': 'MISS',
28 silly registry.get     'x-cache-hits': '0',
28 silly registry.get     'x-timer': 'S1458324936.693838,VS0,VE384' } ]
29 silly lockFile 10798f47-live-server-g live-server-g@
30 silly lockFile 10798f47-live-server-g live-server-g@
31 error 404 Not Found
31 error 404
31 error 404 'live-server-g' is not in the npm registry.
31 error 404 You should bug the author to publish it
31 error 404 It was specified as a dependency of 'reveal.js'
31 error 404
31 error 404 Note that you can also install from a
31 error 404 tarball, folder, or http url, or git url.
32 error System Linux 4.2.0-32-generic
33 error command "/home/tschneck/apps/node/bin/node" "/home/tschneck/apps/node/bin/npm" "install" "live-server-g"
34 error cwd /home/tschneck/git-files/hackathon-regensburg-2016
35 error node -v v0.10.40
36 error npm -v 1.4.28
37 error code E404
38 verbose exit [ 1, true ]
